<?xml version="1.0" encoding="UTF-8" standalone="no"?>
<?xml-stylesheet type="text/xsl" href="../jgenhtml.xsl"?><coverage branch-rate="NaN" branches-covered="0" branches-valid="0" complexity="0" date="2025-01-30" filename="index" function-rate="NaN" functions-covered="0" functions-valid="0" line-rate="0.96875" lines-covered="31" lines-valid="32" package="lib" testname="lcov.info" version="1.6">
    <sources>
        <source branches-hit="0" branches-valid="0" filename="main.dart" functions-hit="0" functions-valid="0" lines-hit="25" lines-valid="26" prefix="/CRED/full_testing_flutter/">
            <testCase branches-hit="0" functions-hit="0" lines-hit="25" name="&lt;unnamed&gt;"/>
        </source>
        <source branches-hit="0" branches-valid="0" filename="counter.dart" functions-hit="0" functions-valid="0" lines-hit="6" lines-valid="6" prefix="/CRED/full_testing_flutter/">
            <testCase branches-hit="0" functions-hit="0" lines-hit="6" name="&lt;unnamed&gt;"/>
        </source>
    </sources>
    <config branch-coverage="true" description-file="false" function-coverage="true" genhtml_hi_limit="90" genhtml_med_limit="75" legend="false" no-sort="false" no-source="false" show-details="false"/>
    <base href="../"/>
    <base href="../"/>
</coverage>
